Arguments: 
  /usr/bin/node /usr/share/yarn/bin/yarn.js start

PATH: 
  /usr/local/sbin:/usr/local/bin:/usr/sbin:/usr/bin:/sbin:/bin:/usr/games:/usr/local/games:/snap/bin:/snap/bin

Yarn version: 
  1.22.19

Node version: 
  12.22.9

Platform: 
  linux x64

Trace: 
  SyntaxError: /home/sk-mahi/Music/auto-changelog-/package.json: Unexpected string in JSON at position 214
      at JSON.parse (<anonymous>)
      at /usr/share/yarn/lib/cli.js:1629:59
      at Generator.next (<anonymous>)
      at step (/usr/share/yarn/lib/cli.js:310:30)
      at /usr/share/yarn/lib/cli.js:321:13

npm manifest: 
  {
    "name": "auto-changelog-",
    "version": "1.0.0",
    "main": "index.js",
    "repository": "git@github.com:Mahi123Dul/auto-changelog-.git",
    "author": "Mahi123Dul <sheikhmahi902@gmail.com>",
    "license": "MIT"
  
    "scripts": {
      "start": "node index.js"
    }
  }

yarn manifest: 
  No manifest

Lockfile: 
  No lockfile
